<?xml version="1.0" encoding="UTF-8"?>
<!-- Generated by org.testng.reporters.JUnitXMLReporter -->
<testsuite ignored="0" hostname="LAPTOP-O0MMQ8B3" failures="2" tests="2" name="RediffRunnerTest" time="0.537" errors="0" timestamp="2021-12-03T21:17:32 IST">
  <testcase classname="io.cucumber.testng.AbstractTestNGCucumberTests" name="runScenario" time="0.061">
    <failure type="io.cucumber.cucumberexpressions.CucumberExpressionException" message="You cannot use anchors (^ or $) in Cucumber Expressions. Please remove them from ^user provides {string}, {string},{string} ,{string},{string},{string},{string},{string},{string},{string} and {string}$">
      <![CDATA[io.cucumber.cucumberexpressions.CucumberExpressionException: You cannot use anchors (^ or $) in Cucumber Expressions. Please remove them from ^user provides {string}, {string},{string} ,{string},{string},{string},{string},{string},{string},{string} and {string}$
at io.cucumber.cucumberexpressions.ExpressionFactory.createRegularExpressionWithAnchors(ExpressionFactory.java:47)
at io.cucumber.cucumberexpressions.ExpressionFactory.createExpression(ExpressionFactory.java:33)
at io.cucumber.core.stepexpression.StepExpressionFactory.crateExpression(StepExpressionFactory.java:88)
at io.cucumber.core.stepexpression.StepExpressionFactory.createExpression(StepExpressionFactory.java:61)
at io.cucumber.core.stepexpression.StepExpressionFactory.createExpression(StepExpressionFactory.java:49)
at io.cucumber.core.runner.CachingGlue.lambda$prepareGlue$3(CachingGlue.java:272)
at java.base/java.util.ArrayList.forEach(ArrayList.java:1511)
at io.cucumber.core.runner.CachingGlue.prepareGlue(CachingGlue.java:271)
at io.cucumber.core.runner.Runner.runPickle(Runner.java:72)
at io.cucumber.testng.TestNGCucumberRunner.lambda$runScenario$1(TestNGCucumberRunner.java:132)
at io.cucumber.core.runtime.CucumberExecutionContext.lambda$runTestCase$3(CucumberExecutionContext.java:110)
at io.cucumber.core.runtime.RethrowingThrowableCollector.executeAndThrow(RethrowingThrowableCollector.java:23)
at io.cucumber.core.runtime.CucumberExecutionContext.runTestCase(CucumberExecutionContext.java:110)
at io.cucumber.testng.TestNGCucumberRunner.runScenario(TestNGCucumberRunner.java:129)
at io.cucumber.testng.AbstractTestNGCucumberTests.runScenario(AbstractTestNGCucumberTests.java:35)
at java.base/java.util.ArrayList.forEach(ArrayList.java:1511)
Caused by: java.util.regex.PatternSyntaxException: Illegal repetition near index 16
^user provides {string}, {string},{string} ,{string},{string},{string},{string},{string},{string},{string} and {string}$
                ^
at java.base/java.util.regex.Pattern.error(Pattern.java:2029)
at java.base/java.util.regex.Pattern.closure(Pattern.java:3328)
at java.base/java.util.regex.Pattern.sequence(Pattern.java:2215)
at java.base/java.util.regex.Pattern.expr(Pattern.java:2070)
at java.base/java.util.regex.Pattern.compile(Pattern.java:1784)
at java.base/java.util.regex.Pattern.<init>(Pattern.java:1431)
at java.base/java.util.regex.Pattern.compile(Pattern.java:1070)
at io.cucumber.cucumberexpressions.ExpressionFactory.createRegularExpressionWithAnchors(ExpressionFactory.java:44)
... 42 more
... Removed 27 stack frames]]>
    </failure>
  </testcase> <!-- runScenario -->
  <testcase classname="io.cucumber.testng.AbstractTestNGCucumberTests" name="runScenario" time="0.004">
    <failure type="io.cucumber.cucumberexpressions.CucumberExpressionException" message="You cannot use anchors (^ or $) in Cucumber Expressions. Please remove them from ^user provides {string}, {string},{string} ,{string},{string},{string},{string},{string},{string},{string} and {string}$">
      <![CDATA[io.cucumber.cucumberexpressions.CucumberExpressionException: You cannot use anchors (^ or $) in Cucumber Expressions. Please remove them from ^user provides {string}, {string},{string} ,{string},{string},{string},{string},{string},{string},{string} and {string}$
at io.cucumber.cucumberexpressions.ExpressionFactory.createRegularExpressionWithAnchors(ExpressionFactory.java:47)
at io.cucumber.cucumberexpressions.ExpressionFactory.createExpression(ExpressionFactory.java:33)
at io.cucumber.core.stepexpression.StepExpressionFactory.crateExpression(StepExpressionFactory.java:88)
at io.cucumber.core.stepexpression.StepExpressionFactory.createExpression(StepExpressionFactory.java:61)
at io.cucumber.core.stepexpression.StepExpressionFactory.createExpression(StepExpressionFactory.java:49)
at io.cucumber.core.runner.CachingGlue.lambda$prepareGlue$3(CachingGlue.java:272)
at java.base/java.util.ArrayList.forEach(ArrayList.java:1511)
at io.cucumber.core.runner.CachingGlue.prepareGlue(CachingGlue.java:271)
at io.cucumber.core.runner.Runner.runPickle(Runner.java:72)
at io.cucumber.testng.TestNGCucumberRunner.lambda$runScenario$1(TestNGCucumberRunner.java:132)
at io.cucumber.core.runtime.CucumberExecutionContext.lambda$runTestCase$3(CucumberExecutionContext.java:110)
at io.cucumber.core.runtime.RethrowingThrowableCollector.executeAndThrow(RethrowingThrowableCollector.java:23)
at io.cucumber.core.runtime.CucumberExecutionContext.runTestCase(CucumberExecutionContext.java:110)
at io.cucumber.testng.TestNGCucumberRunner.runScenario(TestNGCucumberRunner.java:129)
at io.cucumber.testng.AbstractTestNGCucumberTests.runScenario(AbstractTestNGCucumberTests.java:35)
at java.base/java.util.ArrayList.forEach(ArrayList.java:1511)
Caused by: java.util.regex.PatternSyntaxException: Illegal repetition near index 16
^user provides {string}, {string},{string} ,{string},{string},{string},{string},{string},{string},{string} and {string}$
                ^
at java.base/java.util.regex.Pattern.error(Pattern.java:2029)
at java.base/java.util.regex.Pattern.closure(Pattern.java:3328)
at java.base/java.util.regex.Pattern.sequence(Pattern.java:2215)
at java.base/java.util.regex.Pattern.expr(Pattern.java:2070)
at java.base/java.util.regex.Pattern.compile(Pattern.java:1784)
at java.base/java.util.regex.Pattern.<init>(Pattern.java:1431)
at java.base/java.util.regex.Pattern.compile(Pattern.java:1070)
at io.cucumber.cucumberexpressions.ExpressionFactory.createRegularExpressionWithAnchors(ExpressionFactory.java:44)
... 42 more
... Removed 27 stack frames]]>
    </failure>
  </testcase> <!-- runScenario -->
</testsuite> <!-- RediffRunnerTest -->
